c:\users\urbin\desktop\prova - copia\debug\vc141.pdb
c:\users\urbin\desktop\esame\debug\vc141.pdb
c:\users\urbin\desktop\esame\debug\vc141.idb
c:\users\urbin\desktop\esame\debug\array.obj
c:\users\urbin\desktop\esame\debug\date.obj
c:\users\urbin\desktop\esame\debug\arrayelement.obj
c:\users\urbin\desktop\esame\debug\file.obj
c:\users\urbin\desktop\esame\debug\list.obj
c:\users\urbin\desktop\esame\debug\listelement.obj
c:\users\urbin\desktop\esame\debug\main.obj
c:\users\urbin\desktop\esame\debug\oggetto_array.obj
c:\users\urbin\desktop\esame\debug\sort.obj
c:\users\urbin\desktop\esame\debug\time.obj
c:\users\urbin\desktop\prova - copia\debug\esame.exe
c:\users\urbin\desktop\prova - copia\debug\esame.ilk
c:\users\urbin\desktop\prova - copia\debug\esame.pdb
c:\users\urbin\desktop\esame\debug\esame.exe
c:\users\urbin\desktop\esame\debug\esame.ilk
c:\users\urbin\desktop\esame\debug\esame.pdb
c:\users\urbin\desktop\esame\debug\pasto.obj
c:\users\urbin\desktop\esame\debug\preferenza.obj
c:\users\urbin\desktop\esame\debug\main.obj.enc
c:\users\urbin\desktop\esame\debug\pasto.obj.enc
c:\users\urbin\desktop\esame\debug\sort.obj.enc
c:\users\urbin\desktop\esame\debug\esame.tlog\cl.command.1.tlog
c:\users\urbin\desktop\esame\debug\esame.tlog\cl.read.1.tlog
c:\users\urbin\desktop\esame\debug\esame.tlog\cl.write.1.tlog
c:\users\urbin\desktop\esame\debug\esame.tlog\link.command.1.tlog
c:\users\urbin\desktop\esame\debug\esame.tlog\link.read.1.tlog
c:\users\urbin\desktop\esame\debug\esame.tlog\link.write.1.tlog
